<?xml version="1.0" encoding="UTF-8"?>
<testsuite xmlns:xsi="http://www.w3.org/2001/XMLSchema-instance" xsi:noNamespaceSchemaLocation="https://maven.apache.org/surefire/maven-surefire-plugin/xsd/surefire-test-report.xsd" name="ar.edu.utn.frba.dds.rankingsTests.RankingTests" time="3.981" tests="10" errors="0" skipped="0" failures="0">
  <properties>
[...]
</properties>
  <testcase name="cantidadDeIncidentes" classname="ar.edu.utn.frba.dds.rankingsTests.RankingTests" time="3.857"/>
  <testcase name="elPromedioDeCierreSeCalculaBien" classname="ar.edu.utn.frba.dds.rankingsTests.RankingTests" time="0.011"/>
  <testcase name="funcionaRankingPorCantidad" classname="ar.edu.utn.frba.dds.rankingsTests.RankingTests" time="0.01"/>
  <testcase name="listasRankingsCierre" classname="ar.edu.utn.frba.dds.rankingsTests.RankingTests" time="0.01"/>
  <testcase name="seCreanLosCsv" classname="ar.edu.utn.frba.dds.rankingsTests.RankingTests" time="0.01"/>
  <testcase name="funcionaRankingPorRangoHorario" classname="ar.edu.utn.frba.dds.rankingsTests.RankingTests" time="0.011"/>
  <testcase name="listasRankings" classname="ar.edu.utn.frba.dds.rankingsTests.RankingTests" time="0.012"/>
  <testcase name="elTiempoDeCierreEstaBien" classname="ar.edu.utn.frba.dds.rankingsTests.RankingTests" time="0.012"/>
  <testcase name="cantidadDeIncidentesDeUnServicio" classname="ar.edu.utn.frba.dds.rankingsTests.RankingTests" time="0.012"/>
  <testcase name="cantidadDeIncidentesSemanales" classname="ar.edu.utn.frba.dds.rankingsTests.RankingTests" time="0.013"/>
</testsuite>